0 info it worked if it ends with ok
1 verbose cli [ '/usr/local/bin/node', '/usr/local/bin/npm', 'publish' ]
2 info using npm@1.4.3
3 info using node@v0.10.26
4 verbose publish [ '.' ]
5 verbose cache add [ '.', null ]
6 verbose cache add name=undefined spec="." args=[".",null]
7 verbose parsed url { protocol: null,
7 verbose parsed url   slashes: null,
7 verbose parsed url   auth: null,
7 verbose parsed url   host: null,
7 verbose parsed url   port: null,
7 verbose parsed url   hostname: null,
7 verbose parsed url   hash: null,
7 verbose parsed url   search: null,
7 verbose parsed url   query: null,
7 verbose parsed url   pathname: '.',
7 verbose parsed url   path: '.',
7 verbose parsed url   href: '.' }
8 silly lockFile 3a52ce78- .
9 verbose lock . /home/twilson63/.npm/3a52ce78-.lock
10 verbose tar pack [ '/home/twilson63/tmp/npm-2497-qf8UaGtv/1401138398602-0.34883049014024436/tmp.tgz',
10 verbose tar pack   '.' ]
11 verbose tarball /home/twilson63/tmp/npm-2497-qf8UaGtv/1401138398602-0.34883049014024436/tmp.tgz
12 verbose folder .
13 info prepublish sss@0.0.1
14 silly lockFile 1f1177db-tar tar://.
15 verbose lock tar://. /home/twilson63/.npm/1f1177db-tar.lock
16 silly lockFile d33c94be-8602-0-34883049014024436-tmp-tgz tar:///home/twilson63/tmp/npm-2497-qf8UaGtv/1401138398602-0.34883049014024436/tmp.tgz
17 verbose lock tar:///home/twilson63/tmp/npm-2497-qf8UaGtv/1401138398602-0.34883049014024436/tmp.tgz /home/twilson63/.npm/d33c94be-8602-0-34883049014024436-tmp-tgz.lock
18 silly lockFile 1f1177db-tar tar://.
19 silly lockFile 1f1177db-tar tar://.
20 silly lockFile d33c94be-8602-0-34883049014024436-tmp-tgz tar:///home/twilson63/tmp/npm-2497-qf8UaGtv/1401138398602-0.34883049014024436/tmp.tgz
21 silly lockFile d33c94be-8602-0-34883049014024436-tmp-tgz tar:///home/twilson63/tmp/npm-2497-qf8UaGtv/1401138398602-0.34883049014024436/tmp.tgz
22 verbose tar unpack /home/twilson63/tmp/npm-2497-qf8UaGtv/1401138398602-0.34883049014024436/tmp.tgz
23 silly lockFile 380d317f-8602-0-34883049014024436-package tar:///home/twilson63/tmp/npm-2497-qf8UaGtv/1401138398602-0.34883049014024436/package
24 verbose lock tar:///home/twilson63/tmp/npm-2497-qf8UaGtv/1401138398602-0.34883049014024436/package /home/twilson63/.npm/380d317f-8602-0-34883049014024436-package.lock
25 silly lockFile d33c94be-8602-0-34883049014024436-tmp-tgz tar:///home/twilson63/tmp/npm-2497-qf8UaGtv/1401138398602-0.34883049014024436/tmp.tgz
26 verbose lock tar:///home/twilson63/tmp/npm-2497-qf8UaGtv/1401138398602-0.34883049014024436/tmp.tgz /home/twilson63/.npm/d33c94be-8602-0-34883049014024436-tmp-tgz.lock
27 silly gunzTarPerm modes [ '755', '644' ]
28 silly gunzTarPerm extractEntry package.json
29 silly gunzTarPerm extractEntry .npmignore
30 silly gunzTarPerm extractEntry README.md
31 silly gunzTarPerm extractEntry index.js
32 silly gunzTarPerm extractEntry .travis.yml
33 silly gunzTarPerm extractEntry bin/sss
34 silly gunzTarPerm extractEntry lib/search-index.js
35 silly gunzTarPerm extractEntry lib/search-query.js
36 silly gunzTarPerm extractEntry test/search-index_test.js
37 silly gunzTarPerm extractEntry test/search-query_test.js
38 silly lockFile 380d317f-8602-0-34883049014024436-package tar:///home/twilson63/tmp/npm-2497-qf8UaGtv/1401138398602-0.34883049014024436/package
39 silly lockFile 380d317f-8602-0-34883049014024436-package tar:///home/twilson63/tmp/npm-2497-qf8UaGtv/1401138398602-0.34883049014024436/package
40 silly lockFile d33c94be-8602-0-34883049014024436-tmp-tgz tar:///home/twilson63/tmp/npm-2497-qf8UaGtv/1401138398602-0.34883049014024436/tmp.tgz
41 silly lockFile d33c94be-8602-0-34883049014024436-tmp-tgz tar:///home/twilson63/tmp/npm-2497-qf8UaGtv/1401138398602-0.34883049014024436/tmp.tgz
42 verbose tar pack [ '/home/twilson63/.npm/sss/0.0.1/package.tgz',
42 verbose tar pack   '/home/twilson63/tmp/npm-2497-qf8UaGtv/1401138398602-0.34883049014024436/package' ]
43 verbose tarball /home/twilson63/.npm/sss/0.0.1/package.tgz
44 verbose folder /home/twilson63/tmp/npm-2497-qf8UaGtv/1401138398602-0.34883049014024436/package
45 silly lockFile 380d317f-8602-0-34883049014024436-package tar:///home/twilson63/tmp/npm-2497-qf8UaGtv/1401138398602-0.34883049014024436/package
46 verbose lock tar:///home/twilson63/tmp/npm-2497-qf8UaGtv/1401138398602-0.34883049014024436/package /home/twilson63/.npm/380d317f-8602-0-34883049014024436-package.lock
47 silly lockFile dd7d157b-lson63-npm-sss-0-0-1-package-tgz tar:///home/twilson63/.npm/sss/0.0.1/package.tgz
48 verbose lock tar:///home/twilson63/.npm/sss/0.0.1/package.tgz /home/twilson63/.npm/dd7d157b-lson63-npm-sss-0-0-1-package-tgz.lock
49 silly lockFile 380d317f-8602-0-34883049014024436-package tar:///home/twilson63/tmp/npm-2497-qf8UaGtv/1401138398602-0.34883049014024436/package
50 silly lockFile 380d317f-8602-0-34883049014024436-package tar:///home/twilson63/tmp/npm-2497-qf8UaGtv/1401138398602-0.34883049014024436/package
51 silly lockFile dd7d157b-lson63-npm-sss-0-0-1-package-tgz tar:///home/twilson63/.npm/sss/0.0.1/package.tgz
52 silly lockFile dd7d157b-lson63-npm-sss-0-0-1-package-tgz tar:///home/twilson63/.npm/sss/0.0.1/package.tgz
53 silly lockFile e3b3eadc--twilson63-npm-sss-0-0-1-package /home/twilson63/.npm/sss/0.0.1/package
54 verbose lock /home/twilson63/.npm/sss/0.0.1/package /home/twilson63/.npm/e3b3eadc--twilson63-npm-sss-0-0-1-package.lock
55 silly lockFile e3b3eadc--twilson63-npm-sss-0-0-1-package /home/twilson63/.npm/sss/0.0.1/package
56 silly lockFile e3b3eadc--twilson63-npm-sss-0-0-1-package /home/twilson63/.npm/sss/0.0.1/package
57 verbose tar unpack /home/twilson63/.npm/sss/0.0.1/package.tgz
58 silly lockFile 93b28145--twilson63-npm-sss-0-0-1-package tar:///home/twilson63/.npm/sss/0.0.1/package
59 verbose lock tar:///home/twilson63/.npm/sss/0.0.1/package /home/twilson63/.npm/93b28145--twilson63-npm-sss-0-0-1-package.lock
60 silly lockFile dd7d157b-lson63-npm-sss-0-0-1-package-tgz tar:///home/twilson63/.npm/sss/0.0.1/package.tgz
61 verbose lock tar:///home/twilson63/.npm/sss/0.0.1/package.tgz /home/twilson63/.npm/dd7d157b-lson63-npm-sss-0-0-1-package-tgz.lock
62 silly gunzTarPerm modes [ '755', '644' ]
63 silly gunzTarPerm extractEntry package.json
64 silly gunzTarPerm extractEntry .npmignore
65 silly gunzTarPerm extractEntry README.md
66 silly gunzTarPerm extractEntry index.js
67 silly gunzTarPerm extractEntry .travis.yml
68 silly gunzTarPerm extractEntry bin/sss
69 silly gunzTarPerm extractEntry lib/search-index.js
70 silly gunzTarPerm extractEntry lib/search-query.js
71 silly gunzTarPerm extractEntry test/search-index_test.js
72 silly gunzTarPerm extractEntry test/search-query_test.js
73 silly lockFile 93b28145--twilson63-npm-sss-0-0-1-package tar:///home/twilson63/.npm/sss/0.0.1/package
74 silly lockFile 93b28145--twilson63-npm-sss-0-0-1-package tar:///home/twilson63/.npm/sss/0.0.1/package
75 silly lockFile dd7d157b-lson63-npm-sss-0-0-1-package-tgz tar:///home/twilson63/.npm/sss/0.0.1/package.tgz
76 silly lockFile dd7d157b-lson63-npm-sss-0-0-1-package-tgz tar:///home/twilson63/.npm/sss/0.0.1/package.tgz
77 verbose chmod /home/twilson63/.npm/sss/0.0.1/package.tgz 644
78 verbose chown /home/twilson63/.npm/sss/0.0.1/package.tgz [ 1000, 1000 ]
79 silly lockFile 3a52ce78- .
80 silly lockFile 3a52ce78- .
81 silly publish { name: 'sss',
81 silly publish   version: '0.0.1',
81 silly publish   description: 'A level db Simple Search Server',
81 silly publish   main: 'index.js',
81 silly publish   scripts: { test: 'jshint **/*.js && tap test/*_test.js' },
81 silly publish   keywords: [ 'leveldb', 'search', 'server' ],
81 silly publish   author: { name: 'Tom' },
81 silly publish   license: 'MIT',
81 silly publish   dependencies:
81 silly publish    { byteup: '^0.1.2',
81 silly publish      'level-sublevel': '^4.7.1',
81 silly publish      levelup: '^0.10.0',
81 silly publish      leveldown: '^0.6.2',
81 silly publish      levels: '0.0.7',
81 silly publish      upnode: '^0.4.3',
81 silly publish      subarg: '0.0.1' },
81 silly publish   devDependencies: { tap: '^0.4.9', jshint: '^2.5.1' },
81 silly publish   readme: '# level-sss\n\nA Leveldb Simple Search Server. Using a dnode interface.\n\nThe server listens on two ports, the index port and the query\nport.  Each port can have a secret to gain authorization\nto either index or search.\n\n## install and start servers\n\n``` sh\nnpm install sss -g\nsss --index=[ --port=5000 --secret=foo ] --query[ --port=6000 --secret=bar ]\n```\n\n## sss index server client example\n\n``` js\nrequire(\'upnode\').connect(5000, function (remote) {\n  remote.init(\'foo\', ready);\n  function ready(err, index) {\n    // index string, id\n    index(\'some string\', 1);\n  }\n});\n```\n\n## sss query server client example\n\n``` js\nrequire(\'upnode\').connect(6000, function (remote) {\n  remote.init(\'bar\', ready);\n  function ready(err, query) {\n    query(\'some string\', function(err, ids) {\n      // take ids and get data\n    });\n  }\n});\n```\n\n## In Development Mode\n\nIt does work, but will most likely have several bugs to work out.\n',
81 silly publish   readmeFilename: 'README.md',
81 silly publish   _id: 'sss@0.0.1',
81 silly publish   dist: { shasum: '64aab0e94c3550bdaabc2418c05dd0c2900aabad' },
81 silly publish   _from: '.' }
82 verbose url raw sss
83 verbose url resolving [ 'https://registry.npmjs.org/', './sss' ]
84 verbose url resolved https://registry.npmjs.org/sss
85 info trying registry request attempt 1 at 17:06:38
86 http PUT https://registry.npmjs.org/sss
87 http 403 https://registry.npmjs.org/sss
88 error publish Failed PUT 403
89 error Error: forbidden cannot modify pre-existing version: 0.0.1
89 error old={"name":"sss","version":"0.0.1","description":"SSS is a Simple Static Site generator.","main":"./lib/sss","bin":{"sss":"./bin/sss"},"scripts":{"test":"echo \"Error: no test specified\" && exit 1"},"repository":"","keywords":["static","site","generator"],"author":{"name":"ronyeh","email":"ronyeh@gmail.com"},"license":"MIT","readmeFilename":"README.md","readme":"# SSS: Simple Static Sites\u000a\u000aThis is a work in progress!\u000a","_id":"sss@0.0.1","dist":{"shasum":"67747ee16a3adce83aea95b12cc723b907be5613","tarball":"http://registry.npmjs.org/sss/-/sss-0.0.1.tgz"},"_from":".","_npmVersion":"1.2.18","_npmUser":{"name":"ronyeh","email":"ronyeh@gmail.com"},"maintainers":[{"name":"ronyeh","email":"ronyeh@gmail.com"}]}
89 error new={"name":"sss","version":"0.0.1","description":"A level db Simple Search Server","main":"index.js","scripts":{"test":"jshint **/*.js && tap test/*_test.js"},"keywords":["leveldb","search","server"],"author":{"name":"Tom"},"license":"MIT","dependencies":{"byteup":"^0.1.2","level-sublevel":"^4.7.1","levelup":"^0.10.0","leveldown":"^0.6.2","levels":"0.0.7","upnode":"^0.4.3","subarg":"0.0.1"},"devDependencies":{"tap":"^0.4.9","jshint":"^2.5.1"},"readme":"# level-sss\u000a\u000aA Leveldb Simple Search Server. Using a dnode interface.\u000a\u000aThe server listens on two ports, the index port and the query\u000aport.  Each port can have a secret to gain authorization\u000ato either index or search.\u000a\u000a## install and start servers\u000a\u000a``` sh\u000anpm install sss -g\u000asss --index=[ --port=5000 --secret=foo ] --query[ --port=6000 --secret=bar ]\u000a```\u000a\u000a## sss index server client example\u000a\u000a``` js\u000arequire('upnode').connect(5000, function (remote) {\u000a  remote.init('foo', ready);\u000a  function ready(err, index) {\u000a    // index string, id\u000a    index('some string', 1);\u000a  }\u000a});\u000a```\u000a\u000a## sss query server client example\u000a\u000a``` js\u000arequire('upnode').connect(6000, function (remote) {\u000a  remote.init('bar', ready);\u000a  function ready(err, query) {\u000a    query('some string', function(err, ids) {\u000a      // take ids and get data\u000a    });\u000a  }\u000a});\u000a```\u000a\u000a## In Development Mode\u000a\u000aIt does work, but will most likely have several bugs to work out.\u000a","readmeFilename":"README.md","_id":"sss@0.0.1","dist":{"shasum":"64aab0e94c3550bdaabc2418c05dd0c2900aabad","tarball":"http://registry.npmjs.org/sss/-/sss-0.0.1.tgz"},"_from":".","_npmVersion":"1.4.3","_npmUser":{"name":"twilson63","email":"tom@jackhq.com"},"maintainers":[{"name":"twilson63","email":"tom@jackhq.com"}]}: sss
89 error     at RegClient.<anonymous> (/usr/local/lib/node_modules/npm/node_modules/npm-registry-client/lib/request.js:237:14)
89 error     at Request.self.callback (/usr/local/lib/node_modules/npm/node_modules/request/request.js:123:22)
89 error     at Request.EventEmitter.emit (events.js:98:17)
89 error     at Request.<anonymous> (/usr/local/lib/node_modules/npm/node_modules/request/request.js:893:14)
89 error     at Request.EventEmitter.emit (events.js:117:20)
89 error     at IncomingMessage.<anonymous> (/usr/local/lib/node_modules/npm/node_modules/request/request.js:844:12)
89 error     at IncomingMessage.EventEmitter.emit (events.js:117:20)
89 error     at _stream_readable.js:920:16
89 error     at process._tickCallback (node.js:415:13)
90 error If you need help, you may report this *entire* log,
90 error including the npm and node versions, at:
90 error     <http://github.com/npm/npm/issues>
91 error System Linux 3.11.0-18-generic
92 error command "/usr/local/bin/node" "/usr/local/bin/npm" "publish"
93 error cwd /home/twilson63/lab/level-sss
94 error node -v v0.10.26
95 error npm -v 1.4.3
96 verbose exit [ 1, true ]
